<?xml version="1.0" encoding="UTF-8"?>
<testng-results ignored="0" total="0" passed="0" failed="0" skipped="0">
  <reporter-output>
  </reporter-output>
  <suite started-at="2023-02-28T14:45:43 EST" name="testCases.TC_001_AccountRegistrationTest" finished-at="2023-02-28T14:45:43 EST" duration-ms="28">
    <groups>
    </groups>
    <test started-at="2023-02-28T14:45:43 EST" name="Command line test" finished-at="2023-02-28T14:45:43 EST" duration-ms="28">
    </test> <!-- Command line test -->
  </suite> <!-- testCases.TC_001_AccountRegistrationTest -->
</testng-results>
