<?xml version="1.0" encoding="UTF-8"?>
<testng-results ignored="0" total="1" passed="1" failed="0" skipped="0">
  <reporter-output>
  </reporter-output>
  <suite started-at="2023-02-28T08:26:36 EST" name="Default suite" finished-at="2023-02-28T08:26:58 EST" duration-ms="21343">
    <groups>
    </groups>
    <test started-at="2023-02-28T08:26:36 EST" name="Default test" finished-at="2023-02-28T08:26:58 EST" duration-ms="21343">
      <class name="testCases.TC_001_AccountRegistrationTest">
        <test-method is-config="true" signature="setup()[pri:0, instance:testCases.TC_001_AccountRegistrationTest@791f145a]" started-at="2023-02-28T08:26:36 EST" name="setup" finished-at="2023-02-28T08:26:47 EST" duration-ms="11093" status="PASS">
          <reporter-output>
          </reporter-output>
        </test-method> <!-- setup -->
        <test-method signature="test_account_Registration()[pri:0, instance:testCases.TC_001_AccountRegistrationTest@791f145a]" started-at="2023-02-28T08:26:47 EST" name="test_account_Registration" finished-at="2023-02-28T08:26:58 EST" duration-ms="10146" status="PASS">
          <reporter-output>
          </reporter-output>
        </test-method> <!-- test_account_Registration -->
        <test-method is-config="true" signature="tearDown()[pri:0, instance:testCases.TC_001_AccountRegistrationTest@791f145a]" started-at="2023-02-28T08:26:58 EST" name="tearDown" finished-at="2023-02-28T08:26:58 EST" duration-ms="1" status="PASS">
          <reporter-output>
          </reporter-output>
        </test-method> <!-- tearDown -->
      </class> <!-- testCases.TC_001_AccountRegistrationTest -->
    </test> <!-- Default test -->
  </suite> <!-- Default suite -->
</testng-results>
